
========================[ Apr 19, 2012 12:51 PM ]========================
ERROR: [000.000] No database name was specified

========================[ Apr 19, 2012 12:51 PM ]========================
Version 2.2.6 [Apr-09-2003]
Started database file "/home/guerler/package/pdb/database/muster.fasta.db"
NOTE: CoreLib [002.003] FileOpen(".formatdbrc","r") failed
NOTE: CoreLib [002.003] FileOpen("/home/guerler/.formatdbrc","r") failed
NOTE: [000.000] No number of link bits used found in config  file. Ignoring
NOTE: [000.000] No number of membership bits used found in config file. Ignoring
WARNING: [000.000] Sequence number 4 (lcl|4_/home/guerler/package/pdb/databa), 13 illegal characters were removed:
13 ?s

WARNING: [000.000] Sequence number 1978 (lcl|1978_/home/guerler/package/pdb/data>), 83 illegal characters were removed:
83 ?s

WARNING: [000.000] Sequence number 2148 (lcl|2148_/home/guerler/package/pdb/data>), 36 illegal characters were removed:
36 ?s

WARNING: [000.000] Sequence number 2415 (lcl|2415_/home/guerler/package/pdb/data>), 106 illegal characters were removed:
106 ?s

WARNING: [000.000] Sequence number 2416 (lcl|2416_/home/guerler/package/pdb/data>), 77 illegal characters were removed:
77 ?s

WARNING: [000.000] Sequence number 2942 (lcl|2942_/home/guerler/package/pdb/data>), 37 illegal characters were removed:
37 ?s

WARNING: [000.000] Sequence number 5266 (lcl|5266_/home/guerler/package/pdb/data>), 46 illegal characters were removed:
46 ?s

WARNING: [000.000] Sequence number 5709 (lcl|5709_/home/guerler/package/pdb/data>), 16 illegal characters were removed:
16 ?s

WARNING: [000.000] Sequence number 6315 (lcl|6315_/home/guerler/package/pdb/data>), 632 illegal characters were removed:
120 ?s

WARNING: [000.000] Sequence number 10182 (lcl|10182_/home/guerler/package/pdb/dat>), 34 illegal characters were removed:
34 ?s

WARNING: [000.000] Sequence number 10450 (lcl|10450_/home/guerler/package/pdb/dat>), 2 illegal characters were removed:
2 ?s

WARNING: [000.000] Sequence number 10648 (lcl|10648_/home/guerler/package/pdb/dat>), 1 illegal character was removed:
1 ?

WARNING: [000.000] Sequence number 10825 (lcl|10825_/home/guerler/package/pdb/dat>), 21 illegal characters were removed:
21 ?s

WARNING: [000.000] Sequence number 10972 (lcl|10972_/home/guerler/package/pdb/dat>), 5 illegal characters were removed:
5 ?s

WARNING: [000.000] Sequence number 13033 (lcl|13033_/home/guerler/package/pdb/dat>), 38 illegal characters were removed:
38 ?s

WARNING: [000.000] Sequence number 13359 (lcl|13359_/home/guerler/package/pdb/dat>), 109 illegal characters were removed:
109 ?s

WARNING: [000.000] Sequence number 13790 (lcl|13790_/home/guerler/package/pdb/dat>), 614 illegal characters were removed:
102 ?s

WARNING: [000.000] Sequence number 13791 (lcl|13791_/home/guerler/package/pdb/dat>), 1188 illegal characters were removed:


WARNING: [000.000] Sequence number 14361 (lcl|14361_/home/guerler/package/pdb/dat>), 12 illegal characters were removed:
12 ?s

WARNING: [000.000] Sequence number 14914 (lcl|14914_/home/guerler/package/pdb/dat>), 1 illegal character was removed:
1 ?

WARNING: [000.000] Sequence number 15926 (lcl|15926_/home/guerler/package/pdb/dat>), 25 illegal characters were removed:
25 ?s

WARNING: [000.000] Sequence number 17055 (lcl|17055_/home/guerler/package/pdb/dat>), 1 illegal character was removed:
1 ?

WARNING: [000.000] Sequence number 17775 (lcl|17775_/home/guerler/package/pdb/dat>), 17 illegal characters were removed:
17 ?s

WARNING: [000.000] Sequence number 18008 (lcl|18008_/home/guerler/package/pdb/dat>), 17 illegal characters were removed:
17 ?s

WARNING: [000.000] Sequence number 18914 (lcl|18914_/home/guerler/package/pdb/dat>), 4 illegal characters were removed:
4 ?s

WARNING: [000.000] lcl|19717_/home/guerler/package/pdb/databa has zero-length sequence

Sequence number 19717 has zero-length!
WARNING: [000.000] Sequence number 20545 (lcl|20545_/home/guerler/package/pdb/dat>), 182 illegal characters were removed:


WARNING: [000.000] Sequence number 20562 (lcl|20562_/home/guerler/package/pdb/dat>), 20 illegal characters were removed:
20 ?s

WARNING: [000.000] Sequence number 20563 (lcl|20563_/home/guerler/package/pdb/dat>), 20 illegal characters were removed:
20 ?s

WARNING: [000.000] Sequence number 20564 (lcl|20564_/home/guerler/package/pdb/dat>), 14 illegal characters were removed:
14 ?s

WARNING: [000.000] Sequence number 20567 (lcl|20567_/home/guerler/package/pdb/dat>), 25 illegal characters were removed:
25 ?s

WARNING: [000.000] Sequence number 20583 (lcl|20583_/home/guerler/package/pdb/dat>), 36 illegal characters were removed:
36 ?s

WARNING: [000.000] Sequence number 20608 (lcl|20608_/home/guerler/package/pdb/dat>), 20 illegal characters were removed:
20 ?s

WARNING: [000.000] Sequence number 20710 (lcl|20710_/home/guerler/package/pdb/dat>), 1 illegal character was removed:
1 ?

WARNING: [000.000] Sequence number 20768 (lcl|20768_/home/guerler/package/pdb/dat>), 129 illegal characters were removed:


WARNING: [000.000] Sequence number 20980 (lcl|20980_/home/guerler/package/pdb/dat>), 57 illegal characters were removed:
57 ?s

WARNING: [000.000] Sequence number 21295 (lcl|21295_/home/guerler/package/pdb/dat>), 15 illegal characters were removed:
15 ?s

WARNING: [000.000] Sequence number 21519 (lcl|21519_/home/guerler/package/pdb/dat>), 3 illegal characters were removed:
3 ?s

WARNING: [000.000] Sequence number 21587 (lcl|21587_/home/guerler/package/pdb/dat>), 48 illegal characters were removed:
48 ?s

WARNING: [000.000] Sequence number 21803 (lcl|21803_/home/guerler/package/pdb/dat>), 4 illegal characters were removed:
4 ?s

WARNING: [000.000] Sequence number 22574 (lcl|22574_/home/guerler/package/pdb/dat>), 6 illegal characters were removed:
6 ?s

WARNING: [000.000] Sequence number 22832 (lcl|22832_/home/guerler/package/pdb/dat>), 34 illegal characters were removed:
34 ?s

WARNING: [000.000] Sequence number 22902 (lcl|22902_/home/guerler/package/pdb/dat>), 17 illegal characters were removed:
17 ?s

WARNING: [000.000] Sequence number 23421 (lcl|23421_/home/guerler/package/pdb/dat>), 45 illegal characters were removed:
45 ?s

WARNING: [000.000] Sequence number 24019 (lcl|24019_/home/guerler/package/pdb/dat>), 20 illegal characters were removed:
20 ?s

WARNING: [000.000] Sequence number 24021 (lcl|24021_/home/guerler/package/pdb/dat>), 38 illegal characters were removed:
38 ?s

WARNING: [000.000] Sequence number 24022 (lcl|24022_/home/guerler/package/pdb/dat>), 38 illegal characters were removed:
38 ?s

WARNING: [000.000] Sequence number 24323 (lcl|24323_/home/guerler/package/pdb/dat>), 29 illegal characters were removed:
29 ?s

WARNING: [000.000] Sequence number 24401 (lcl|24401_/home/guerler/package/pdb/dat>), 1 illegal character was removed:
1 ?

Formatted 24510 sequences in volume 0

========================[ May 8, 2012 11:19 AM ]========================
Version 2.2.21 [Jun-14-2009]
Started database file "/home/guerler/package/newpdb/database/fasta.db"
WARNING: [000.000] Sequence number 4 (lcl|4_/home/guerler/package/newpdb/dat), 13 illegal characters were removed:
13 ?s

WARNING: [000.000] Sequence number 1978 (lcl|1978_/home/guerler/package/newpdb/>), 83 illegal characters were removed:
83 ?s

WARNING: [000.000] Sequence number 2148 (lcl|2148_/home/guerler/package/newpdb/>), 36 illegal characters were removed:
36 ?s

WARNING: [000.000] Sequence number 2415 (lcl|2415_/home/guerler/package/newpdb/>), 106 illegal characters were removed:
106 ?s

WARNING: [000.000] Sequence number 2416 (lcl|2416_/home/guerler/package/newpdb/>), 77 illegal characters were removed:
77 ?s

WARNING: [000.000] Sequence number 2942 (lcl|2942_/home/guerler/package/newpdb/>), 37 illegal characters were removed:
37 ?s

WARNING: [000.000] Sequence number 5266 (lcl|5266_/home/guerler/package/newpdb/>), 46 illegal characters were removed:
46 ?s

WARNING: [000.000] Sequence number 5709 (lcl|5709_/home/guerler/package/newpdb/>), 16 illegal characters were removed:
16 ?s

WARNING: [000.000] Sequence number 6315 (lcl|6315_/home/guerler/package/newpdb/>), 632 illegal characters were removed:
120 ?s

WARNING: [000.000] Sequence number 10182 (lcl|10182_/home/guerler/package/newpdb>), 34 illegal characters were removed:
34 ?s

WARNING: [000.000] Sequence number 10450 (lcl|10450_/home/guerler/package/newpdb>), 2 illegal characters were removed:
2 ?s

WARNING: [000.000] Sequence number 10648 (lcl|10648_/home/guerler/package/newpdb>), 1 illegal character was removed:
1 ?

WARNING: [000.000] Sequence number 10825 (lcl|10825_/home/guerler/package/newpdb>), 21 illegal characters were removed:
21 ?s

WARNING: [000.000] Sequence number 10972 (lcl|10972_/home/guerler/package/newpdb>), 5 illegal characters were removed:
5 ?s

WARNING: [000.000] Sequence number 13048 (lcl|13048_/home/guerler/package/newpdb>), 38 illegal characters were removed:
38 ?s

WARNING: [000.000] Sequence number 13374 (lcl|13374_/home/guerler/package/newpdb>), 109 illegal characters were removed:
109 ?s

WARNING: [000.000] Sequence number 13805 (lcl|13805_/home/guerler/package/newpdb>), 614 illegal characters were removed:
102 ?s

WARNING: [000.000] Sequence number 13806 (lcl|13806_/home/guerler/package/newpdb>), 1188 illegal characters were removed:


WARNING: [000.000] Sequence number 14376 (lcl|14376_/home/guerler/package/newpdb>), 12 illegal characters were removed:
12 ?s

WARNING: [000.000] Sequence number 14929 (lcl|14929_/home/guerler/package/newpdb>), 1 illegal character was removed:
1 ?

WARNING: [000.000] Sequence number 15941 (lcl|15941_/home/guerler/package/newpdb>), 25 illegal characters were removed:
25 ?s

WARNING: [000.000] Sequence number 17084 (lcl|17084_/home/guerler/package/newpdb>), 1 illegal character was removed:
1 ?

WARNING: [000.000] Sequence number 17804 (lcl|17804_/home/guerler/package/newpdb>), 17 illegal characters were removed:
17 ?s

WARNING: [000.000] Sequence number 18037 (lcl|18037_/home/guerler/package/newpdb>), 17 illegal characters were removed:
17 ?s

WARNING: [000.000] Sequence number 18943 (lcl|18943_/home/guerler/package/newpdb>), 4 illegal characters were removed:
4 ?s

WARNING: [000.000] Cannot add sequence number 19746 (lcl|19746_/home/guerler/package/newpdb/dat) because it has zero-length.

Removed single-volume database /home/guerler/package/newpdb/database/fasta.db
FATAL ERROR: [001.000] Fatal error when adding sequence to BLAST database.

========================[ May 8, 2012 11:22 AM ]========================
Version 2.2.6 [Apr-09-2003]
Started database file "/home/guerler/package/newpdb/database/fasta.db"
NOTE: CoreLib [002.003] FileOpen(".formatdbrc","r") failed
NOTE: CoreLib [002.003] FileOpen("/home/guerler/.formatdbrc","r") failed
NOTE: [000.000] No number of link bits used found in config  file. Ignoring
NOTE: [000.000] No number of membership bits used found in config file. Ignoring
WARNING: [000.000] Sequence number 4 (lcl|4_/home/guerler/package/newpdb/dat), 13 illegal characters were removed:
13 ?s

WARNING: [000.000] Sequence number 1978 (lcl|1978_/home/guerler/package/newpdb/d>), 83 illegal characters were removed:
83 ?s

WARNING: [000.000] Sequence number 2148 (lcl|2148_/home/guerler/package/newpdb/d>), 36 illegal characters were removed:
36 ?s

WARNING: [000.000] Sequence number 2415 (lcl|2415_/home/guerler/package/newpdb/d>), 106 illegal characters were removed:
106 ?s

WARNING: [000.000] Sequence number 2416 (lcl|2416_/home/guerler/package/newpdb/d>), 77 illegal characters were removed:
77 ?s

WARNING: [000.000] Sequence number 2942 (lcl|2942_/home/guerler/package/newpdb/d>), 37 illegal characters were removed:
37 ?s

WARNING: [000.000] Sequence number 5266 (lcl|5266_/home/guerler/package/newpdb/d>), 46 illegal characters were removed:
46 ?s

WARNING: [000.000] Sequence number 5709 (lcl|5709_/home/guerler/package/newpdb/d>), 16 illegal characters were removed:
16 ?s

WARNING: [000.000] Sequence number 6315 (lcl|6315_/home/guerler/package/newpdb/d>), 632 illegal characters were removed:
120 ?s

WARNING: [000.000] Sequence number 10182 (lcl|10182_/home/guerler/package/newpdb/>), 34 illegal characters were removed:
34 ?s

WARNING: [000.000] Sequence number 10450 (lcl|10450_/home/guerler/package/newpdb/>), 2 illegal characters were removed:
2 ?s

WARNING: [000.000] Sequence number 10648 (lcl|10648_/home/guerler/package/newpdb/>), 1 illegal character was removed:
1 ?

WARNING: [000.000] Sequence number 10825 (lcl|10825_/home/guerler/package/newpdb/>), 21 illegal characters were removed:
21 ?s

WARNING: [000.000] Sequence number 10972 (lcl|10972_/home/guerler/package/newpdb/>), 5 illegal characters were removed:
5 ?s

WARNING: [000.000] Sequence number 13048 (lcl|13048_/home/guerler/package/newpdb/>), 38 illegal characters were removed:
38 ?s

WARNING: [000.000] Sequence number 13374 (lcl|13374_/home/guerler/package/newpdb/>), 109 illegal characters were removed:
109 ?s

WARNING: [000.000] Sequence number 13805 (lcl|13805_/home/guerler/package/newpdb/>), 614 illegal characters were removed:
102 ?s

WARNING: [000.000] Sequence number 13806 (lcl|13806_/home/guerler/package/newpdb/>), 1188 illegal characters were removed:


WARNING: [000.000] Sequence number 14376 (lcl|14376_/home/guerler/package/newpdb/>), 12 illegal characters were removed:
12 ?s

WARNING: [000.000] Sequence number 14929 (lcl|14929_/home/guerler/package/newpdb/>), 1 illegal character was removed:
1 ?

WARNING: [000.000] Sequence number 15941 (lcl|15941_/home/guerler/package/newpdb/>), 25 illegal characters were removed:
25 ?s

WARNING: [000.000] Sequence number 17084 (lcl|17084_/home/guerler/package/newpdb/>), 1 illegal character was removed:
1 ?

WARNING: [000.000] Sequence number 17804 (lcl|17804_/home/guerler/package/newpdb/>), 17 illegal characters were removed:
17 ?s

WARNING: [000.000] Sequence number 18037 (lcl|18037_/home/guerler/package/newpdb/>), 17 illegal characters were removed:
17 ?s

WARNING: [000.000] Sequence number 18943 (lcl|18943_/home/guerler/package/newpdb/>), 4 illegal characters were removed:
4 ?s

WARNING: [000.000] Sequence number 20738 (lcl|20738_/home/guerler/package/newpdb/>), 1 illegal character was removed:
1 ?

WARNING: [000.000] Sequence number 20796 (lcl|20796_/home/guerler/package/newpdb/>), 129 illegal characters were removed:


WARNING: [000.000] Sequence number 21008 (lcl|21008_/home/guerler/package/newpdb/>), 57 illegal characters were removed:
57 ?s

WARNING: [000.000] Sequence number 21323 (lcl|21323_/home/guerler/package/newpdb/>), 15 illegal characters were removed:
15 ?s

WARNING: [000.000] Sequence number 21547 (lcl|21547_/home/guerler/package/newpdb/>), 3 illegal characters were removed:
3 ?s

WARNING: [000.000] Sequence number 21615 (lcl|21615_/home/guerler/package/newpdb/>), 48 illegal characters were removed:
48 ?s

WARNING: [000.000] Sequence number 21831 (lcl|21831_/home/guerler/package/newpdb/>), 4 illegal characters were removed:
4 ?s

WARNING: [000.000] Sequence number 22602 (lcl|22602_/home/guerler/package/newpdb/>), 6 illegal characters were removed:
6 ?s

WARNING: [000.000] Sequence number 22860 (lcl|22860_/home/guerler/package/newpdb/>), 34 illegal characters were removed:
34 ?s

WARNING: [000.000] Sequence number 22930 (lcl|22930_/home/guerler/package/newpdb/>), 17 illegal characters were removed:
17 ?s

WARNING: [000.000] Sequence number 23464 (lcl|23464_/home/guerler/package/newpdb/>), 45 illegal characters were removed:
45 ?s

WARNING: [000.000] Sequence number 24098 (lcl|24098_/home/guerler/package/newpdb/>), 20 illegal characters were removed:
20 ?s

WARNING: [000.000] Sequence number 24100 (lcl|24100_/home/guerler/package/newpdb/>), 38 illegal characters were removed:
38 ?s

WARNING: [000.000] Sequence number 24448 (lcl|24448_/home/guerler/package/newpdb/>), 29 illegal characters were removed:
29 ?s

WARNING: [000.000] Sequence number 24481 (lcl|24481_/home/guerler/package/newpdb/>), 16 illegal characters were removed:
16 ?s

WARNING: [000.000] Sequence number 24555 (lcl|24555_/home/guerler/package/newpdb/>), 1 illegal character was removed:
1 ?

WARNING: [000.000] Sequence number 24578 (lcl|24578_/home/guerler/package/newpdb/>), 36 illegal characters were removed:
36 ?s

Formatted 24781 sequences in volume 0

========================[ May 8, 2012 12:35 PM ]========================
Version 2.2.6 [Apr-09-2003]
Started database file "/home/guerler/package/newpdb/database/fasta.db"
NOTE: CoreLib [002.003] FileOpen(".formatdbrc","r") failed
NOTE: CoreLib [002.003] FileOpen("/home/guerler/.formatdbrc","r") failed
NOTE: [000.000] No number of link bits used found in config  file. Ignoring
NOTE: [000.000] No number of membership bits used found in config file. Ignoring
Formatted 24781 sequences in volume 0

========================[ Jun 21, 2012 10:51 PM ]========================
ERROR: [000.000] No database name was specified

========================[ Jun 21, 2012 10:51 PM ]========================
ERROR: [000.000] No database name was specified

========================[ Sep 27, 2012  2:37 PM ]========================
Version 2.2.6 [Apr-09-2003]
Started database file "/home/guerler/package/pdb/database/fasta.db"
NOTE: CoreLib [002.003] FileOpen(".formatdbrc","r") failed
NOTE: CoreLib [002.003] FileOpen("/home/guerler/.formatdbrc","r") failed
NOTE: [000.000] No number of link bits used found in config  file. Ignoring
NOTE: [000.000] No number of membership bits used found in config file. Ignoring
Formatted 204206 sequences in volume 0

========================[ Sep 28, 2012 12:41 PM ]========================
Version 2.2.6 [Apr-09-2003]
Started database file "/home/guerler/package/pdb/database/fasta.db"
NOTE: CoreLib [002.003] FileOpen(".formatdbrc","r") failed
NOTE: CoreLib [002.003] FileOpen("/home/guerler/.formatdbrc","r") failed
NOTE: [000.000] No number of link bits used found in config  file. Ignoring
NOTE: [000.000] No number of membership bits used found in config file. Ignoring
Formatted 110952 sequences in volume 0

========================[ Oct 12, 2012  1:34 PM ]========================
Version 2.2.6 [Apr-09-2003]
Started database file "/home/guerler/package/pdb/database/fasta.db"
NOTE: CoreLib [002.003] FileOpen(".formatdbrc","r") failed
NOTE: CoreLib [002.003] FileOpen("/home/guerler/.formatdbrc","r") failed
NOTE: [000.000] No number of link bits used found in config  file. Ignoring
NOTE: [000.000] No number of membership bits used found in config file. Ignoring
Formatted 110952 sequences in volume 0
